Using pre-set license

 COMMAND LINE ARGUMENTS:
/Applications/Unity/Unity.app/Contents/MacOS/Unity
-adb2
-batchMode
-noUpm
-name
AssetImportWorker0
-projectPath
/Users/cslab-mbp-two/Documents/cart315_Prototype2
-logFile
Logs/AssetImportWorker0.log
-srvPort
51459
Successfully changed project path to: /Users/cslab-mbp-two/Documents/cart315_Prototype2
/Users/cslab-mbp-two/Documents/cart315_Prototype2
Using Asset Import Pipeline V2.
Refreshing native plugins compatible for Editor in 33.23 ms, found 1 plugins.
Preloading 0 native plugins for Editor in 0.00 ms.
Initialize engine version: 2020.2.1f1 (270dd8c3da1c)
[Subsystems] Discovering subsystems at path /Applications/Unity/Unity.app/Contents/Resources/UnitySubsystems
[Subsystems] Discovering subsystems at path /Users/cslab-mbp-two/Documents/cart315_Prototype2/Assets
GfxDevice: creating device client; threaded=0
2021-02-22 21:18:19.808 Unity[8341:318193] Color LCD preferred device: Intel Iris Pro Graphics (low power)
2021-02-22 21:18:19.808 Unity[8341:318193] Metal devices available: 1
2021-02-22 21:18:19.808 Unity[8341:318193] 0: Intel Iris Pro Graphics (low power)
2021-02-22 21:18:19.809 Unity[8341:318193] Using device Intel Iris Pro Graphics (low power)
Initializing Metal device caps: Intel Iris Pro Graphics
Initialize mono
Mono path[0] = '/Applications/Unity/Unity.app/Contents/Managed'
Mono path[1] = '/Applications/Unity/Unity.app/Contents/MonoBleedingEdge/lib/mono/unityjit'
Mono config path = '/Applications/Unity/Unity.app/Contents/MonoBleedingEdge/etc'
Using monoOptions --debugger-agent=transport=dt_socket,embedding=1,server=y,suspend=n,address=127.0.0.1:56341
Begin MonoManager ReloadAssembly
Registering precompiled unity dll's ...
Register platform support module: /Applications/Unity/Unity.app/Contents/PlaybackEngines/MacStandaloneSupport/UnityEditor.OSXStandalone.Extensions.dll
Registered in 0.000487 seconds.
Native extension for OSXStandalone target not found
Refreshing native plugins compatible for Editor in 30.72 ms, found 1 plugins.
Preloading 0 native plugins for Editor in 0.00 ms.
Invoked RoslynAnalysisRunner static constructor.
RoslynAnalysisRunner will not be running.
RoslynAnalysisRunner has terminated.
Mono: successfully reloaded assembly
- Completed reload, in  1.872 seconds
Platform modules already initialized, skipping
Registering precompiled user dll's ...
Registered in 0.000379 seconds.
Begin MonoManager ReloadAssembly
Native extension for OSXStandalone target not found
Refreshing native plugins compatible for Editor in 0.27 ms, found 1 plugins.
Preloading 0 native plugins for Editor in 0.00 ms.
Invoked RoslynAnalysisRunner static constructor.
RoslynAnalysisRunner will not be running.
RoslynAnalysisRunner has terminated.
Mono: successfully reloaded assembly
- Completed reload, in  1.076 seconds
Platform modules already initialized, skipping
========================================================================
Worker process is ready to serve import requests
Launching external process: /Applications/Unity/Unity.app/Contents/Tools/UnityShaderCompiler
Launched and connected shader compiler UnityShaderCompiler after 0.02 seconds
Refreshing native plugins compatible for Editor in 0.23 ms, found 1 plugins.
Preloading 0 native plugins for Editor in 0.00 ms.
Unloading 1096 Unused Serialized files (Serialized files now loaded: 0)
System memory in use before: 106.1 MB.
System memory in use after: 106.1 MB.

Unloading 10 unused Assets to reduce memory usage. Loaded Objects now: 1538.
Total: 2.780089 ms (FindLiveObjects: 0.283203 ms CreateObjectMapping: 0.072017 ms MarkObjects: 2.309906 ms  DeleteObjects: 0.112641 ms)

========================================================================
Received Import Request.
  path: Assets/Collect.cs
  artifactKey: Guid(a8a743daf87ce4bf782f4827b5c99034) Importer(815301076,1909f56bfc062723c751e8b465ee728b)
Start importing Assets/Collect.cs using Guid(a8a743daf87ce4bf782f4827b5c99034) Importer(815301076,1909f56bfc062723c751e8b465ee728b)  -> (artifact id: '83568df225a3d0b4194d0d2704c42a2a') in 0.057679 seconds
  Import took 0.060815 seconds .

========================================================================
Received Import Request.
  Time since last request: 48.208941 seconds.
  path: Assets/Collect.cs
  artifactKey: Guid(a8a743daf87ce4bf782f4827b5c99034) Importer(815301076,1909f56bfc062723c751e8b465ee728b)
Start importing Assets/Collect.cs using Guid(a8a743daf87ce4bf782f4827b5c99034) Importer(815301076,1909f56bfc062723c751e8b465ee728b)  -> (artifact id: 'be295d751853a07debc49f73f56fdb26') in 0.002919 seconds
  Import took 0.005292 seconds .

========================================================================
Received Prepare
Registering precompiled user dll's ...
Registered in 0.000409 seconds.
Begin MonoManager ReloadAssembly
Native extension for OSXStandalone target not found
Refreshing native plugins compatible for Editor in 0.23 ms, found 1 plugins.
Preloading 0 native plugins for Editor in 0.00 ms.
Invoked RoslynAnalysisRunner static constructor.
RoslynAnalysisRunner will not be running.
RoslynAnalysisRunner has terminated.
Mono: successfully reloaded assembly
- Completed reload, in  0.969 seconds
Platform modules already initialized, skipping
Refreshing native plugins compatible for Editor in 0.23 ms, found 1 plugins.
Preloading 0 native plugins for Editor in 0.00 ms.
Unloading 1091 Unused Serialized files (Serialized files now loaded: 0)
System memory in use before: 107.6 MB.
System memory in use after: 107.6 MB.

Unloading 5 unused Assets to reduce memory usage. Loaded Objects now: 1540.
Total: 3.269502 ms (FindLiveObjects: 0.292707 ms CreateObjectMapping: 0.071943 ms MarkObjects: 2.826530 ms  DeleteObjects: 0.075933 ms)

========================================================================
Received Prepare
Registering precompiled user dll's ...
Registered in 0.000715 seconds.
Begin MonoManager ReloadAssembly
Native extension for OSXStandalone target not found
Refreshing native plugins compatible for Editor in 0.26 ms, found 1 plugins.
Preloading 0 native plugins for Editor in 0.00 ms.
Invoked RoslynAnalysisRunner static constructor.
RoslynAnalysisRunner will not be running.
RoslynAnalysisRunner has terminated.
Mono: successfully reloaded assembly
- Completed reload, in  1.064 seconds
Platform modules already initialized, skipping
Refreshing native plugins compatible for Editor in 0.24 ms, found 1 plugins.
Preloading 0 native plugins for Editor in 0.00 ms.
Unloading 1091 Unused Serialized files (Serialized files now loaded: 0)
System memory in use before: 108.1 MB.
System memory in use after: 108.1 MB.

Unloading 5 unused Assets to reduce memory usage. Loaded Objects now: 1542.
Total: 2.423825 ms (FindLiveObjects: 0.255189 ms CreateObjectMapping: 0.070220 ms MarkObjects: 2.046573 ms  DeleteObjects: 0.050155 ms)

========================================================================
Received Prepare
Registering precompiled user dll's ...
Registered in 0.000409 seconds.
Begin MonoManager ReloadAssembly
Native extension for OSXStandalone target not found
Refreshing native plugins compatible for Editor in 0.23 ms, found 1 plugins.
Preloading 0 native plugins for Editor in 0.00 ms.
Invoked RoslynAnalysisRunner static constructor.
RoslynAnalysisRunner will not be running.
RoslynAnalysisRunner has terminated.
Mono: successfully reloaded assembly
- Completed reload, in  0.995 seconds
Platform modules already initialized, skipping
Refreshing native plugins compatible for Editor in 0.23 ms, found 1 plugins.
Preloading 0 native plugins for Editor in 0.00 ms.
Unloading 1091 Unused Serialized files (Serialized files now loaded: 0)
System memory in use before: 108.3 MB.
System memory in use after: 108.3 MB.

Unloading 5 unused Assets to reduce memory usage. Loaded Objects now: 1544.
Total: 2.628490 ms (FindLiveObjects: 0.262508 ms CreateObjectMapping: 0.084112 ms MarkObjects: 2.215422 ms  DeleteObjects: 0.063986 ms)

========================================================================
Received Import Request.
  Time since last request: 878.720769 seconds.
  path: Assets/Collect.cs
  artifactKey: Guid(a8a743daf87ce4bf782f4827b5c99034) Importer(815301076,1909f56bfc062723c751e8b465ee728b)
Start importing Assets/Collect.cs using Guid(a8a743daf87ce4bf782f4827b5c99034) Importer(815301076,1909f56bfc062723c751e8b465ee728b)  -> (artifact id: '2f36d1cf2de3d53412e1e76fd2f3d1f2') in 0.004347 seconds
  Import took 0.006785 seconds .

========================================================================
Received Import Request.
  Time since last request: 0.034462 seconds.
  path: Assets/Collect.cs
  artifactKey: Guid(a8a743daf87ce4bf782f4827b5c99034) Importer(815301076,1909f56bfc062723c751e8b465ee728b)
Start importing Assets/Collect.cs using Guid(a8a743daf87ce4bf782f4827b5c99034) Importer(815301076,1909f56bfc062723c751e8b465ee728b)  -> (artifact id: '2f36d1cf2de3d53412e1e76fd2f3d1f2') in 0.001126 seconds
  Import took 0.003678 seconds .

========================================================================
Received Prepare
Registering precompiled user dll's ...
Registered in 0.000414 seconds.
Begin MonoManager ReloadAssembly
Native extension for OSXStandalone target not found
Refreshing native plugins compatible for Editor in 0.24 ms, found 1 plugins.
Preloading 0 native plugins for Editor in 0.00 ms.
Invoked RoslynAnalysisRunner static constructor.
RoslynAnalysisRunner will not be running.
RoslynAnalysisRunner has terminated.
Mono: successfully reloaded assembly
- Completed reload, in  1.042 seconds
Platform modules already initialized, skipping
Refreshing native plugins compatible for Editor in 0.25 ms, found 1 plugins.
Preloading 0 native plugins for Editor in 0.00 ms.
Unloading 1091 Unused Serialized files (Serialized files now loaded: 0)
System memory in use before: 109.1 MB.
System memory in use after: 109.1 MB.

Unloading 5 unused Assets to reduce memory usage. Loaded Objects now: 1546.
Total: 1.739722 ms (FindLiveObjects: 0.160850 ms CreateObjectMapping: 0.039134 ms MarkObjects: 1.493270 ms  DeleteObjects: 0.045068 ms)

========================================================================
Received Prepare
Registering precompiled user dll's ...
Registered in 0.000397 seconds.
Begin MonoManager ReloadAssembly
Native extension for OSXStandalone target not found
Refreshing native plugins compatible for Editor in 0.70 ms, found 1 plugins.
Preloading 0 native plugins for Editor in 0.00 ms.
Invoked RoslynAnalysisRunner static constructor.
RoslynAnalysisRunner will not be running.
RoslynAnalysisRunner has terminated.
Mono: successfully reloaded assembly
- Completed reload, in  1.076 seconds
Platform modules already initialized, skipping
Refreshing native plugins compatible for Editor in 0.24 ms, found 1 plugins.
Preloading 0 native plugins for Editor in 0.00 ms.
Unloading 1091 Unused Serialized files (Serialized files now loaded: 0)
System memory in use before: 109.5 MB.
System memory in use after: 109.6 MB.

Unloading 5 unused Assets to reduce memory usage. Loaded Objects now: 1548.
Total: 2.478370 ms (FindLiveObjects: 0.256600 ms CreateObjectMapping: 0.056308 ms MarkObjects: 2.105468 ms  DeleteObjects: 0.058269 ms)

========================================================================
Received Prepare
Registering precompiled user dll's ...
Registered in 0.000472 seconds.
Begin MonoManager ReloadAssembly
Native extension for OSXStandalone target not found
Refreshing native plugins compatible for Editor in 0.24 ms, found 1 plugins.
Preloading 0 native plugins for Editor in 0.00 ms.
Invoked RoslynAnalysisRunner static constructor.
RoslynAnalysisRunner will not be running.
RoslynAnalysisRunner has terminated.
Mono: successfully reloaded assembly
- Completed reload, in  1.019 seconds
Platform modules already initialized, skipping
Refreshing native plugins compatible for Editor in 0.17 ms, found 1 plugins.
Preloading 0 native plugins for Editor in 0.00 ms.
Unloading 1091 Unused Serialized files (Serialized files now loaded: 0)
System memory in use before: 109.8 MB.
System memory in use after: 109.9 MB.

Unloading 5 unused Assets to reduce memory usage. Loaded Objects now: 1550.
Total: 1.765893 ms (FindLiveObjects: 0.189114 ms CreateObjectMapping: 0.047268 ms MarkObjects: 1.490165 ms  DeleteObjects: 0.037956 ms)

========================================================================
Received Prepare
Registering precompiled user dll's ...
Registered in 0.000386 seconds.
Begin MonoManager ReloadAssembly
Native extension for OSXStandalone target not found
Refreshing native plugins compatible for Editor in 0.26 ms, found 1 plugins.
Preloading 0 native plugins for Editor in 0.00 ms.
Invoked RoslynAnalysisRunner static constructor.
RoslynAnalysisRunner will not be running.
RoslynAnalysisRunner has terminated.
Mono: successfully reloaded assembly
- Completed reload, in  1.063 seconds
Platform modules already initialized, skipping
Refreshing native plugins compatible for Editor in 0.24 ms, found 1 plugins.
Preloading 0 native plugins for Editor in 0.00 ms.
Unloading 1091 Unused Serialized files (Serialized files now loaded: 0)
System memory in use before: 109.5 MB.
System memory in use after: 109.6 MB.

Unloading 5 unused Assets to reduce memory usage. Loaded Objects now: 1552.
Total: 2.046505 ms (FindLiveObjects: 0.191551 ms CreateObjectMapping: 0.077183 ms MarkObjects: 1.717155 ms  DeleteObjects: 0.057254 ms)

========================================================================
Received Prepare
Registering precompiled user dll's ...
Registered in 0.000397 seconds.
Begin MonoManager ReloadAssembly
Native extension for OSXStandalone target not found
Refreshing native plugins compatible for Editor in 0.23 ms, found 1 plugins.
Preloading 0 native plugins for Editor in 0.00 ms.
Invoked RoslynAnalysisRunner static constructor.
RoslynAnalysisRunner will not be running.
RoslynAnalysisRunner has terminated.
Mono: successfully reloaded assembly
- Completed reload, in  0.990 seconds
Platform modules already initialized, skipping
Refreshing native plugins compatible for Editor in 0.24 ms, found 1 plugins.
Preloading 0 native plugins for Editor in 0.00 ms.
Unloading 1091 Unused Serialized files (Serialized files now loaded: 0)
System memory in use before: 110.0 MB.
System memory in use after: 110.0 MB.

Unloading 5 unused Assets to reduce memory usage. Loaded Objects now: 1554.
Total: 2.914774 ms (FindLiveObjects: 0.270765 ms CreateObjectMapping: 0.071672 ms MarkObjects: 2.490514 ms  DeleteObjects: 0.078761 ms)

